{
  "RSpec": {
    "coverage": {
      "/home/wadror/Ruby-ohjelmointi/ratebeer/app/helpers/application_helper.rb": [
        1,
        null
      ],
      "/home/wadror/Ruby-ohjelmointi/ratebeer/app/helpers/beer_clubs_helper.rb": [
        1,
        null
      ],
      "/home/wadror/Ruby-ohjelmointi/ratebeer/app/helpers/beers_helper.rb": [
        1,
        null
      ],
      "/home/wadror/Ruby-ohjelmointi/ratebeer/app/helpers/breweries_helper.rb": [
        1,
        null
      ],
      "/home/wadror/Ruby-ohjelmointi/ratebeer/app/helpers/memberships_helper.rb": [
        1,
        null
      ],
      "/home/wadror/Ruby-ohjelmointi/ratebeer/app/helpers/sessions_helper.rb": [
        1,
        null
      ],
      "/home/wadror/Ruby-ohjelmointi/ratebeer/app/helpers/users_helper.rb": [
        1,
        null
      ],
      "/home/wadror/Ruby-ohjelmointi/ratebeer/spec/support/helpers/own_test_helper.rb": [
        1,
        null,
        1,
        7,
        7,
        7,
        7,
        null,
        null,
        1,
        0,
        0,
        null,
        null
      ],
      "/home/wadror/Ruby-ohjelmointi/ratebeer/app/models/beer.rb": [
        1,
        1,
        1,
        1,
        1,
        1,
        1,
        null,
        1,
        2,
        null,
        null,
        null,
        null
      ],
      "/home/wadror/Ruby-ohjelmointi/ratebeer/app/models/concerns/rating_average.rb": [
        1,
        1,
        1,
        14,
        null,
        null,
        null
      ],
      "/home/wadror/Ruby-ohjelmointi/ratebeer/spec/features/breweries_page_spec.rb": [
        1,
        null,
        1,
        1,
        1,
        1,
        1,
        null,
        null,
        1,
        1,
        2,
        2,
        2,
        6,
        null,
        null,
        2,
        null,
        null,
        1,
        null,
        1,
        null,
        1,
        1,
        3,
        null,
        null,
        null,
        1,
        null,
        1,
        null,
        1,
        null,
        1,
        1,
        null,
        null,
        null,
        null
      ],
      "/home/wadror/Ruby-ohjelmointi/ratebeer/spec/features/ratings_spec.rb": [
        1,
        null,
        1,
        null,
        1,
        3,
        3,
        3,
        3,
        null,
        1,
        2,
        null,
        null,
        1,
        1,
        1,
        1,
        null,
        1,
        1,
        2,
        null,
        1,
        1,
        1,
        null,
        null,
        1,
        1,
        1,
        1,
        1,
        null,
        null,
        null,
        1,
        0,
        0,
        null
      ],
      "/home/wadror/Ruby-ohjelmointi/ratebeer/spec/features/users_spec.rb": [
        1,
        null,
        1,
        null,
        1,
        6,
        null,
        1,
        1,
        1,
        null,
        1,
        1,
        null,
        null,
        1,
        1,
        1,
        1,
        1,
        null,
        1,
        1,
        null,
        null,
        1,
        1,
        1,
        1,
        1,
        null,
        1,
        1,
        2,
        null,
        null,
        1,
        1,
        1,
        1,
        1,
        null,
        null,
        1,
        1,
        1,
        1,
        1,
        1,
        2,
        null,
        null,
        null
      ],
      "/home/wadror/Ruby-ohjelmointi/ratebeer/spec/models/beer_spec.rb": [
        1,
        null,
        1,
        1,
        1,
        null,
        1,
        1,
        null,
        null,
        1,
        1,
        null,
        1,
        1,
        null,
        null,
        1,
        1,
        null,
        1,
        1,
        null,
        null,
        null
      ],
      "/home/wadror/Ruby-ohjelmointi/ratebeer/spec/models/brewery_spec.rb": [
        1,
        null,
        1,
        null,
        1,
        4,
        2,
        2,
        2,
        null,
        null,
        1,
        1,
        1,
        null,
        null
      ],
      "/home/wadror/Ruby-ohjelmointi/ratebeer/app/models/brewery.rb": [
        1,
        1,
        1,
        1,
        1,
        25,
        null
      ],
      "/home/wadror/Ruby-ohjelmointi/ratebeer/spec/models/user_spec.rb": [
        1,
        null,
        1,
        1,
        1,
        1,
        null,
        null,
        1,
        1,
        1,
        1,
        null,
        null,
        1,
        1,
        1,
        1,
        null,
        null,
        1,
        1,
        1,
        1,
        null,
        null,
        1,
        5,
        1,
        1,
        null,
        null,
        1,
        1,
        null,
        null,
        1,
        1,
        1,
        1,
        null,
        null,
        1,
        1,
        1,
        null,
        1,
        null,
        null,
        null,
        1,
        3,
        null,
        1,
        1,
        1,
        null,
        null,
        1,
        1,
        1,
        null,
        1,
        1,
        null,
        1,
        1,
        null,
        null,
        null,
        null,
        1,
        1,
        4,
        null,
        null,
        null,
        1,
        8,
        8,
        8,
        null
      ],
      "/home/wadror/Ruby-ohjelmointi/ratebeer/app/models/user.rb": [
        1,
        1,
        1,
        1,
        1,
        1,
        1,
        1,
        1,
        null,
        1,
        0,
        null,
        null,
        1,
        3,
        2,
        null,
        null,
        null
      ],
      "/home/wadror/Ruby-ohjelmointi/ratebeer/app/controllers/sessions_controller.rb": [
        1,
        1,
        null,
        null,
        1,
        8,
        8,
        1,
        null,
        7,
        7,
        null,
        null,
        null,
        1,
        0,
        0,
        null,
        null
      ],
      "/home/wadror/Ruby-ohjelmointi/ratebeer/app/controllers/application_controller.rb": [
        1,
        1,
        null,
        null,
        1,
        null,
        1,
        61,
        61,
        null,
        null,
        1,
        4,
        null,
        null
      ],
      "/home/wadror/Ruby-ohjelmointi/ratebeer/app/controllers/users_controller.rb": [
        1,
        1,
        null,
        null,
        null,
        1,
        0,
        null,
        null,
        null,
        null,
        1,
        null,
        null,
        null,
        1,
        1,
        null,
        null,
        null,
        1,
        null,
        null,
        null,
        null,
        1,
        1,
        null,
        1,
        1,
        1,
        2,
        1,
        null,
        0,
        0,
        null,
        null,
        null,
        null,
        null,
        null,
        1,
        0,
        0,
        0,
        0,
        null,
        0,
        0,
        null,
        null,
        null,
        null,
        null,
        null,
        1,
        0,
        0,
        0,
        0,
        0,
        null,
        null,
        null,
        1,
        null,
        1,
        12,
        null,
        null,
        null,
        1,
        1,
        null,
        null
      ],
      "/home/wadror/Ruby-ohjelmointi/ratebeer/app/models/membership.rb": [
        1,
        1,
        1,
        1,
        null,
        null
      ],
      "/home/wadror/Ruby-ohjelmointi/ratebeer/app/controllers/beers_controller.rb": [
        1,
        1,
        1,
        1,
        null,
        null,
        null,
        1,
        1,
        null,
        null,
        null,
        null,
        1,
        null,
        null,
        null,
        1,
        2,
        null,
        null,
        null,
        1,
        null,
        null,
        null,
        null,
        1,
        2,
        null,
        null,
        2,
        2,
        2,
        1,
        null,
        2,
        1,
        null,
        null,
        null,
        null,
        null,
        null,
        1,
        0,
        0,
        0,
        0,
        null,
        0,
        0,
        null,
        null,
        null,
        null,
        null,
        null,
        1,
        0,
        0,
        0,
        0,
        null,
        null,
        null,
        1,
        null,
        1,
        0,
        null,
        null,
        null,
        1,
        2,
        null,
        null,
        null,
        1,
        4,
        4,
        null
      ],
      "/home/wadror/Ruby-ohjelmointi/ratebeer/app/controllers/ratings_controller.rb": [
        1,
        null,
        1,
        null,
        1,
        1,
        null,
        null,
        1,
        1,
        1,
        null,
        null,
        1,
        1,
        1,
        0,
        1,
        1,
        1,
        null,
        0,
        0,
        null,
        null,
        null,
        1,
        1,
        1,
        1,
        null,
        null,
        1,
        null,
        1,
        1,
        null,
        null,
        null,
        1,
        0,
        null,
        null,
        null
      ],
      "/home/wadror/Ruby-ohjelmointi/ratebeer/app/controllers/breweries_controller.rb": [
        1,
        1,
        1,
        null,
        null,
        null,
        1,
        5,
        null,
        null,
        null,
        null,
        1,
        null,
        null,
        null,
        1,
        0,
        null,
        null,
        null,
        1,
        null,
        null,
        null,
        null,
        1,
        0,
        null,
        0,
        0,
        0,
        0,
        null,
        0,
        0,
        null,
        null,
        null,
        null,
        null,
        null,
        1,
        0,
        0,
        0,
        0,
        null,
        0,
        0,
        null,
        null,
        null,
        null,
        null,
        null,
        1,
        0,
        0,
        0,
        0,
        null,
        null,
        null,
        null,
        null,
        1,
        1,
        null,
        null,
        null,
        1,
        0,
        null,
        null
      ]
    },
    "timestamp": 1391856511
  }
}
